*ERROR* 	2015/07/28 - 15:28:41: You have an error in your SQL syntax; check the manual that corresponds to your MySQL server version for the right syntax to use near '.link_rewrite
			FROM ps_category cat
			LEFT JOIN ps_category_lang cat_lang ON(' at line 1<br /><br /><pre>
			SELECT cat.id_category, cat_lang.name, cat_lang.related_artists cat_lang.link_rewrite
			FROM ps_category cat
			LEFT JOIN ps_category_lang cat_lang ON(cat.id_category = cat_lang.id_category)
			WHERE cat.id_parent = 14</pre> at line 646 in file classes/db/Db.php
*ERROR* 	2015/07/28 - 15:32:23: You have an error in your SQL syntax; check the manual that corresponds to your MySQL server version for the right syntax to use near '.link_rewrite
			FROM ps_category cat
			LEFT JOIN ps_category_lang cat_lang ON(' at line 1<br /><br /><pre>
			SELECT cat.id_category, cat_lang.name, cat_lang.related_artists cat_lang.link_rewrite
			FROM ps_category cat
			LEFT JOIN ps_category_lang cat_lang ON(cat.id_category = cat_lang.id_category)
			WHERE cat.id_parent = 14</pre> at line 646 in file classes/db/Db.php
*ERROR* 	2015/07/28 - 15:32:39: You have an error in your SQL syntax; check the manual that corresponds to your MySQL server version for the right syntax to use near '.link_rewrite
			FROM ps_category cat
			LEFT JOIN ps_category_lang cat_lang ON(' at line 1<br /><br /><pre>
			SELECT cat.id_category, cat_lang.name, cat_lang.related_artists cat_lang.link_rewrite
			FROM ps_category cat
			LEFT JOIN ps_category_lang cat_lang ON(cat.id_category = cat_lang.id_category)
			WHERE cat.id_parent = 14</pre> at line 646 in file classes/db/Db.php
*ERROR* 	2015/07/28 - 15:33:25: You have an error in your SQL syntax; check the manual that corresponds to your MySQL server version for the right syntax to use near '.link_rewrite
			FROM ps_category cat
			LEFT JOIN ps_category_lang cat_lang ON(' at line 1<br /><br /><pre>
			SELECT cat.id_category, cat_lang.name, cat_lang.related_artists cat_lang.link_rewrite
			FROM ps_category cat
			LEFT JOIN ps_category_lang cat_lang ON(cat.id_category = cat_lang.id_category)
			WHERE cat.id_parent = 14</pre> at line 646 in file classes/db/Db.php
*ERROR* 	2015/07/28 - 15:33:39: You have an error in your SQL syntax; check the manual that corresponds to your MySQL server version for the right syntax to use near '.link_rewrite
			FROM ps_category cat
			LEFT JOIN ps_category_lang cat_lang ON(' at line 1<br /><br /><pre>
			SELECT cat.id_category, cat_lang.name, cat_lang.related_artists cat_lang.link_rewrite
			FROM ps_category cat
			LEFT JOIN ps_category_lang cat_lang ON(cat.id_category = cat_lang.id_category)
			WHERE cat.id_parent = 14</pre> at line 646 in file classes/db/Db.php
*ERROR* 	2015/07/28 - 15:34:22: You have an error in your SQL syntax; check the manual that corresponds to your MySQL server version for the right syntax to use near '.link_rewrite
			FROM ps_category cat
			LEFT JOIN ps_category_lang cat_lang ON(' at line 1<br /><br /><pre>
			SELECT cat.id_category, cat_lang.name, cat_lang.related_artists cat_lang.link_rewrite
			FROM ps_category cat
			LEFT JOIN ps_category_lang cat_lang ON(cat.id_category = cat_lang.id_category)
			WHERE cat.id_parent = 14</pre> at line 646 in file classes/db/Db.php
*ERROR* 	2015/07/28 - 15:36:39: You have an error in your SQL syntax; check the manual that corresponds to your MySQL server version for the right syntax to use near '.link_rewrite
			FROM ps_category cat
			LEFT JOIN ps_category_lang cat_lang ON(' at line 1<br /><br /><pre>
			SELECT cat.id_category, cat_lang.name, cat_lang.related_artists cat_lang.link_rewrite
			FROM ps_category cat
			LEFT JOIN ps_category_lang cat_lang ON(cat.id_category = cat_lang.id_category)
			WHERE cat.id_parent = 14</pre> at line 646 in file classes/db/Db.php
*ERROR* 	2015/07/28 - 15:38:41: You have an error in your SQL syntax; check the manual that corresponds to your MySQL server version for the right syntax to use near '.link_rewrite
			FROM ps_category cat
			LEFT JOIN ps_category_lang cat_lang ON(' at line 1<br /><br /><pre>
			SELECT cat.id_category, cat_lang.name, cat_lang.related_artists cat_lang.link_rewrite
			FROM ps_category cat
			LEFT JOIN ps_category_lang cat_lang ON(cat.id_category = cat_lang.id_category)
			WHERE cat.id_parent = 14</pre> at line 646 in file classes/db/Db.php
*ERROR* 	2015/07/28 - 15:38:52: You have an error in your SQL syntax; check the manual that corresponds to your MySQL server version for the right syntax to use near '.link_rewrite
			FROM ps_category cat
			LEFT JOIN ps_category_lang cat_lang ON(' at line 1<br /><br /><pre>
			SELECT cat.id_category, cat_lang.name, cat_lang.related_artists cat_lang.link_rewrite
			FROM ps_category cat
			LEFT JOIN ps_category_lang cat_lang ON(cat.id_category = cat_lang.id_category)
			WHERE cat.id_parent = 14</pre> at line 646 in file classes/db/Db.php
